\BOOKMARK [1][-]{section.1}{\376\377\000I\000n\000t\000r\000o\000d\000u\000\347\000\343\000o}{}% 1
\BOOKMARK [1][-]{section.2}{\376\377\000D\000a\000d\000o\000s\000\040\000e\000\040\000A\000b\000o\000r\000d\000a\000g\000e\000m}{}% 2
\BOOKMARK [2][-]{subsection.2.1}{\376\377\000C\000o\000n\000j\000u\000n\000t\000o\000\040\000d\000e\000\040\000d\000a\000d\000o\000s}{section.2}% 3
\BOOKMARK [2][-]{subsection.2.2}{\376\377\000T\000r\000a\000t\000a\000m\000e\000n\000t\000o\000\040\000d\000o\000s\000\040\000d\000a\000d\000o\000s}{section.2}% 4
\BOOKMARK [3][-]{section*.1}{\376\377\000R\000e\000d\000u\000\347\000\343\000o\000\040\000d\000e\000\040\000r\000e\000d\000u\000n\000d\000\342\000n\000c\000i\000a\000s}{subsection.2.2}% 5
\BOOKMARK [3][-]{section*.2}{\376\377\000A\000l\000t\000e\000r\000a\000\347\000\343\000o\000\040\000d\000o\000\040\000f\000o\000r\000m\000a\000t\000o}{subsection.2.2}% 6
\BOOKMARK [3][-]{section*.5}{\376\377\000R\000e\000d\000u\000\347\000\343\000o\000\040\000d\000e\000\040\000a\000m\000o\000s\000t\000r\000a\000g\000e\000m}{subsection.2.2}% 7
\BOOKMARK [3][-]{section*.6}{\376\377\000P\000r\000e\000p\000a\000r\000a\000\347\000\343\000o\000\040\000p\000a\000r\000a\000\040\000t\000r\000e\000i\000n\000o}{subsection.2.2}% 8
\BOOKMARK [2][-]{subsection.2.3}{\376\377\000M\000o\000d\000e\000l\000o}{section.2}% 9
\BOOKMARK [3][-]{section*.7}{\376\377\000L\000S\000T\000M}{subsection.2.3}% 10
\BOOKMARK [3][-]{section*.8}{\376\377\000S\000e\000q\0002\000s\000e\000q}{subsection.2.3}% 11
\BOOKMARK [3][-]{section*.10}{\376\377\000'\000A\000t\000t\000e\000n\000t\000i\000o\000n\000'}{subsection.2.3}% 12
\BOOKMARK [2][-]{subsection.2.4}{\376\377\000C\000\363\000d\000i\000g\000o\000\040\000u\000t\000i\000l\000i\000z\000a\000d\000o}{section.2}% 13
\BOOKMARK [1][-]{section.3}{\376\377\000E\000x\000p\000e\000r\000i\000m\000e\000n\000t\000a\000\347\000\343\000o\000\040\000e\000\040\000M\000\351\000t\000r\000i\000c\000a\000s}{}% 14
\BOOKMARK [2][-]{subsection.3.1}{\376\377\000B\000L\000E\000U}{section.3}% 15
\BOOKMARK [2][-]{subsection.3.2}{\376\377\000R\000O\000U\000G\000E}{section.3}% 16
\BOOKMARK [2][-]{subsection.3.3}{\376\377\000f\0001\000-\000s\000c\000o\000r\000e}{section.3}% 17
\BOOKMARK [1][-]{section.4}{\376\377\000R\000e\000s\000u\000l\000t\000a\000d\000o\000s}{}% 18
\BOOKMARK [2][-]{subsection.4.1}{\376\377\000T\000r\000e\000i\000n\000o}{section.4}% 19
\BOOKMARK [3][-]{section*.13}{\376\377\000P\000a\000r\000a\000\040\0008\0005\000\040\000e\000\040\0001\0000\0000\000\040\000e\000p\000o\000c\000h\000s}{subsection.4.1}% 20
\BOOKMARK [3][-]{section*.16}{\376\377\0001\0005\0000\000\040\000e\000p\000o\000c\000h\000s}{subsection.4.1}% 21
\BOOKMARK [2][-]{subsection.4.2}{\376\377\000T\000e\000s\000t\000e}{section.4}% 22
\BOOKMARK [3][-]{section*.18}{\376\377\000B\000L\000E\000U}{subsection.4.2}% 23
\BOOKMARK [3][-]{section*.19}{\376\377\000R\000O\000U\000G\000E}{subsection.4.2}% 24
\BOOKMARK [2][-]{subsection.4.3}{\376\377\000'\000C\000h\000a\000t\000'}{section.4}% 25
\BOOKMARK [1][-]{section.5}{\376\377\000P\000r\000o\000b\000l\000e\000m\000a\000s\000\040\000e\000\040\000P\000o\000s\000s\000\355\000v\000e\000i\000s\000\040\000R\000e\000s\000o\000l\000u\000\347\000\365\000e\000s}{}% 26
\BOOKMARK [2][-]{subsection.5.1}{\376\377\000C\000o\000n\000j\000u\000n\000t\000o\000\040\000d\000e\000\040\000d\000a\000d\000o\000s}{section.5}% 27
\BOOKMARK [3][-]{section*.23}{\376\377\000R\000e\000s\000o\000l\000u\000\347\000\343\000o}{subsection.5.1}% 28
\BOOKMARK [2][-]{subsection.5.2}{\376\377\000M\000o\000d\000e\000l\000o}{section.5}% 29
\BOOKMARK [3][-]{section*.24}{\376\377\000R\000e\000s\000o\000l\000u\000\347\000\365\000e\000s}{subsection.5.2}% 30
\BOOKMARK [1][-]{section.6}{\376\377\000C\000o\000n\000c\000l\000u\000s\000\365\000e\000s}{}% 31
